0 info it worked if it ends with ok
1 verbose cli [ '/Users/kelseycahill/.nvm/versions/node/v7.2.0/bin/node',
1 verbose cli   '/Users/kelseycahill/.nvm/versions/node/v7.2.0/bin/npm',
1 verbose cli   'start' ]
2 info using npm@3.10.9
3 info using node@v7.2.0
4 verbose run-script [ 'prestart', 'start', 'poststart' ]
5 info lifecycle alps-guten-block@1.0.0~prestart: alps-guten-block@1.0.0
6 silly lifecycle alps-guten-block@1.0.0~prestart: no script for prestart, continuing
7 info lifecycle alps-guten-block@1.0.0~start: alps-guten-block@1.0.0
8 verbose lifecycle alps-guten-block@1.0.0~start: unsafe-perm in lifecycle true
9 verbose lifecycle alps-guten-block@1.0.0~start: PATH: /Users/kelseycahill/.nvm/versions/node/v7.2.0/lib/node_modules/npm/bin/node-gyp-bin:/Users/kelseycahill/Sites/ALPS/ALPS Wordpress V3/web/wp-content/plugins/alps-gutenberg-blocks/node_modules/.bin:/Users/kelseycahill/.nvm/versions/node/v7.2.0/bin:/Users/kelseycahill/.composer/vendor/bin:/usr/local/bin:/usr/bin:/bin:/usr/sbin:/sbin:/Applications/MAMP/Library/bin
10 verbose lifecycle alps-guten-block@1.0.0~start: CWD: /Users/kelseycahill/Sites/ALPS/ALPS Wordpress V3/web/wp-content/plugins/alps-gutenberg-blocks
11 silly lifecycle alps-guten-block@1.0.0~start: Args: [ '-c', 'cgb-scripts start' ]
12 silly lifecycle alps-guten-block@1.0.0~start: Returned: code: 1  signal: null
13 info lifecycle alps-guten-block@1.0.0~start: Failed to exec start script
14 verbose stack Error: alps-guten-block@1.0.0 start: `cgb-scripts start`
14 verbose stack Exit status 1
14 verbose stack     at EventEmitter.<anonymous> (/Users/kelseycahill/.nvm/versions/node/v7.2.0/lib/node_modules/npm/lib/utils/lifecycle.js:255:16)
14 verbose stack     at emitTwo (events.js:106:13)
14 verbose stack     at EventEmitter.emit (events.js:191:7)
14 verbose stack     at ChildProcess.<anonymous> (/Users/kelseycahill/.nvm/versions/node/v7.2.0/lib/node_modules/npm/lib/utils/spawn.js:40:14)
14 verbose stack     at emitTwo (events.js:106:13)
14 verbose stack     at ChildProcess.emit (events.js:191:7)
14 verbose stack     at maybeClose (internal/child_process.js:885:16)
14 verbose stack     at Process.ChildProcess._handle.onexit (internal/child_process.js:226:5)
15 verbose pkgid alps-guten-block@1.0.0
16 verbose cwd /Users/kelseycahill/Sites/ALPS/ALPS Wordpress V3/web/wp-content/plugins/alps-gutenberg-blocks
17 error Darwin 17.7.0
18 error argv "/Users/kelseycahill/.nvm/versions/node/v7.2.0/bin/node" "/Users/kelseycahill/.nvm/versions/node/v7.2.0/bin/npm" "start"
19 error node v7.2.0
20 error npm  v3.10.9
21 error code ELIFECYCLE
22 error alps-guten-block@1.0.0 start: `cgb-scripts start`
22 error Exit status 1
23 error Failed at the alps-guten-block@1.0.0 start script 'cgb-scripts start'.
23 error Make sure you have the latest version of node.js and npm installed.
23 error If you do, this is most likely a problem with the alps-guten-block package,
23 error not with npm itself.
23 error Tell the author that this fails on your system:
23 error     cgb-scripts start
23 error You can get information on how to open an issue for this project with:
23 error     npm bugs alps-guten-block
23 error Or if that isn't available, you can get their info via:
23 error     npm owner ls alps-guten-block
23 error There is likely additional logging output above.
24 verbose exit [ 1, true ]
